2018-10-10T03:14:02+00:00 CRITICAL Uncaught Error: Call to undefined function storefront_is_woocommerce_activated() in W:\domains\apartments.local\wp-content\themes\storefront\functions.php:39
Stack trace:
#0 W:\domains\apartments.local\wp-settings.php(426): include()
#1 W:\domains\apartments.local\wp-config.php(91): require_once('W:\\domains\\apar...')
#2 W:\domains\apartments.local\wp-load.php(37): require_once('W:\\domains\\apar...')
#3 W:\domains\apartments.local\wp-admin\admin.php(31): require_once('W:\\domains\\apar...')
#4 W:\domains\apartments.local\wp-admin\themes.php(10): require_once('W:\\domains\\apar...')
#5 {main}
  thrown

2018-10-10T04:01:44+00:00 CRITICAL Uncaught ArgumentCountError: Too few arguments to function {closure}(), 1 passed in W:\domains\apartments.local\wp-includes\class-wp-hook.php on line 286 and exactly 2 expected in W:\domains\apartments.local\wp-content\themes\sptheme\functions.php:286
Stack trace:
#0 W:\domains\apartments.local\wp-includes\class-wp-hook.php(286): {closure}('')
#1 W:\domains\apartments.local\wp-includes\class-wp-hook.php(310): WP_Hook->apply_filters(NULL, Array)
#2 W:\domains\apartments.local\wp-includes\plugin.php(453): WP_Hook->do_action(Array)
#3 W:\domains\apartments.local\wp-includes\general-template.php(2614): do_action('wp_head')
#4 W:\domains\apartments.local\wp-content\themes\sptheme\header.php(11): wp_head()
#5 W:\domains\apartments.local\wp-includes\template.php(688): require_once('W:\\domains\\apar...')
#6 W:\domains\apartments.local\wp-includes\template.php(647): load_template('W:\\domains\\apar...', true)
#7 W:\domains\apartments.local\wp-includes\general-template.php(41): locate_template(Array, true)
#8 W:\domai

2018-10-10T04:02:03+00:00 CRITICAL Uncaught ArgumentCountError: Too few arguments to function {closure}(), 1 passed in W:\domains\apartments.local\wp-includes\class-wp-hook.php on line 286 and exactly 2 expected in W:\domains\apartments.local\wp-content\themes\sptheme\functions.php:286
Stack trace:
#0 W:\domains\apartments.local\wp-includes\class-wp-hook.php(286): {closure}('')
#1 W:\domains\apartments.local\wp-includes\class-wp-hook.php(310): WP_Hook->apply_filters(NULL, Array)
#2 W:\domains\apartments.local\wp-includes\plugin.php(453): WP_Hook->do_action(Array)
#3 W:\domains\apartments.local\wp-includes\general-template.php(2614): do_action('wp_head')
#4 W:\domains\apartments.local\wp-content\themes\sptheme\header.php(11): wp_head()
#5 W:\domains\apartments.local\wp-includes\template.php(688): require_once('W:\\domains\\apar...')
#6 W:\domains\apartments.local\wp-includes\template.php(647): load_template('W:\\domains\\apar...', true)
#7 W:\domains\apartments.local\wp-includes\general-template.php(41): locate_template(Array, true)
#8 W:\domai

